# Logfile created on 2014-08-14 00:02:36 +0200 by logger.rb/1.2.8
undefined method `localize_fullpath' for nil:NilClass
	/Users/kubicek/.rvm/gems/ruby-2.0.0-p353/gems/locomotivecms_mounter-1.4.1/lib/locomotive/mounter/reader/file_system/pages_reader.rb:25:in `block in read'
	/Users/kubicek/.rvm/gems/ruby-2.0.0-p353/gems/locomotivecms_mounter-1.4.1/lib/locomotive/mounter/reader/file_system/pages_reader.rb:25:in `each'
	/Users/kubicek/.rvm/gems/ruby-2.0.0-p353/gems/locomotivecms_mounter-1.4.1/lib/locomotive/mounter/reader/file_system/pages_reader.rb:25:in `read'
	/Users/kubicek/.rvm/gems/ruby-2.0.0-p353/gems/locomotivecms_mounter-1.4.1/lib/locomotive/mounter/reader/runner.rb:76:in `block (2 levels) in build_mounting_point'
	/Users/kubicek/.rvm/gems/ruby-2.0.0-p353/gems/locomotivecms_mounter-1.4.1/lib/locomotive/mounter/reader/runner.rb:73:in `each'
	/Users/kubicek/.rvm/gems/ruby-2.0.0-p353/gems/locomotivecms_mounter-1.4.1/lib/locomotive/mounter/reader/runner.rb:73:in `block in build_mounting_point'
	/Users/kubicek/.rvm/gems/ruby-2.0.0-p353/gems/locomotivecms_mounter-1.4.1/lib/locomotive/mounter/reader/runner.rb:70:in `tap'
	/Users/kubicek/.rvm/gems/ruby-2.0.0-p353/gems/locomotivecms_mounter-1.4.1/lib/locomotive/mounter/reader/runner.rb:70:in `build_mounting_point'
	/Users/kubicek/.rvm/gems/ruby-2.0.0-p353/gems/locomotivecms_mounter-1.4.1/lib/locomotive/mounter/reader/runner.rb:29:in `run!'
	/Users/kubicek/.rvm/gems/ruby-2.0.0-p353/gems/locomotivecms_wagon-1.4.0/lib/locomotive/wagon.rb:169:in `require_mounter'
	/Users/kubicek/.rvm/gems/ruby-2.0.0-p353/gems/locomotivecms_wagon-1.4.0/lib/locomotive/wagon.rb:67:in `push'
	/Users/kubicek/.rvm/gems/ruby-2.0.0-p353/gems/locomotivecms_wagon-1.4.0/lib/locomotive/wagon/cli.rb:196:in `push'
	/Users/kubicek/.rvm/gems/ruby-2.0.0-p353/gems/thor-0.19.1/lib/thor/command.rb:27:in `run'
	/Users/kubicek/.rvm/gems/ruby-2.0.0-p353/gems/thor-0.19.1/lib/thor/invocation.rb:126:in `invoke_command'
	/Users/kubicek/.rvm/gems/ruby-2.0.0-p353/gems/thor-0.19.1/lib/thor.rb:359:in `dispatch'
	/Users/kubicek/.rvm/gems/ruby-2.0.0-p353/gems/thor-0.19.1/lib/thor/base.rb:440:in `start'
	/Users/kubicek/.rvm/gems/ruby-2.0.0-p353/gems/locomotivecms_wagon-1.4.0/bin/wagon:9:in `<top (required)>'
	/Users/kubicek/.rvm/gems/ruby-2.0.0-p353/bin/wagon:23:in `load'
	/Users/kubicek/.rvm/gems/ruby-2.0.0-p353/bin/wagon:23:in `<main>'
	/Users/kubicek/.rvm/gems/ruby-2.0.0-p353/bin/ruby_executable_hooks:15:in `eval'
	/Users/kubicek/.rvm/gems/ruby-2.0.0-p353/bin/ruby_executable_hooks:15:in `<main>'


undefined method `localize_fullpath' for nil:NilClass
	/Users/kubicek/.rvm/gems/ruby-2.0.0-p353/gems/locomotivecms_mounter-1.4.1/lib/locomotive/mounter/reader/file_system/pages_reader.rb:25:in `block in read'
	/Users/kubicek/.rvm/gems/ruby-2.0.0-p353/gems/locomotivecms_mounter-1.4.1/lib/locomotive/mounter/reader/file_system/pages_reader.rb:25:in `each'
	/Users/kubicek/.rvm/gems/ruby-2.0.0-p353/gems/locomotivecms_mounter-1.4.1/lib/locomotive/mounter/reader/file_system/pages_reader.rb:25:in `read'
	/Users/kubicek/.rvm/gems/ruby-2.0.0-p353/gems/locomotivecms_mounter-1.4.1/lib/locomotive/mounter/reader/runner.rb:76:in `block (2 levels) in build_mounting_point'
	/Users/kubicek/.rvm/gems/ruby-2.0.0-p353/gems/locomotivecms_mounter-1.4.1/lib/locomotive/mounter/reader/runner.rb:73:in `each'
	/Users/kubicek/.rvm/gems/ruby-2.0.0-p353/gems/locomotivecms_mounter-1.4.1/lib/locomotive/mounter/reader/runner.rb:73:in `block in build_mounting_point'
	/Users/kubicek/.rvm/gems/ruby-2.0.0-p353/gems/locomotivecms_mounter-1.4.1/lib/locomotive/mounter/reader/runner.rb:70:in `tap'
	/Users/kubicek/.rvm/gems/ruby-2.0.0-p353/gems/locomotivecms_mounter-1.4.1/lib/locomotive/mounter/reader/runner.rb:70:in `build_mounting_point'
	/Users/kubicek/.rvm/gems/ruby-2.0.0-p353/gems/locomotivecms_mounter-1.4.1/lib/locomotive/mounter/reader/runner.rb:29:in `run!'
	/Users/kubicek/.rvm/gems/ruby-2.0.0-p353/gems/locomotivecms_wagon-1.4.0/lib/locomotive/wagon.rb:169:in `require_mounter'
	/Users/kubicek/.rvm/gems/ruby-2.0.0-p353/gems/locomotivecms_wagon-1.4.0/lib/locomotive/wagon.rb:67:in `push'
	/Users/kubicek/.rvm/gems/ruby-2.0.0-p353/gems/locomotivecms_wagon-1.4.0/lib/locomotive/wagon/cli.rb:196:in `push'
	/Users/kubicek/.rvm/gems/ruby-2.0.0-p353/gems/thor-0.19.1/lib/thor/command.rb:27:in `run'
	/Users/kubicek/.rvm/gems/ruby-2.0.0-p353/gems/thor-0.19.1/lib/thor/invocation.rb:126:in `invoke_command'
	/Users/kubicek/.rvm/gems/ruby-2.0.0-p353/gems/thor-0.19.1/lib/thor.rb:359:in `dispatch'
	/Users/kubicek/.rvm/gems/ruby-2.0.0-p353/gems/thor-0.19.1/lib/thor/base.rb:440:in `start'
	/Users/kubicek/.rvm/gems/ruby-2.0.0-p353/gems/locomotivecms_wagon-1.4.0/bin/wagon:9:in `<top (required)>'
	/Users/kubicek/.rvm/gems/ruby-2.0.0-p353/bin/wagon:23:in `load'
	/Users/kubicek/.rvm/gems/ruby-2.0.0-p353/bin/wagon:23:in `<main>'
	/Users/kubicek/.rvm/gems/ruby-2.0.0-p353/bin/ruby_executable_hooks:15:in `eval'
	/Users/kubicek/.rvm/gems/ruby-2.0.0-p353/bin/ruby_executable_hooks:15:in `<main>'


undefined method `localize_fullpath' for nil:NilClass
	/Users/kubicek/.rvm/gems/ruby-2.0.0-p353/gems/locomotivecms_mounter-1.4.1/lib/locomotive/mounter/reader/file_system/pages_reader.rb:25:in `block in read'
	/Users/kubicek/.rvm/gems/ruby-2.0.0-p353/gems/locomotivecms_mounter-1.4.1/lib/locomotive/mounter/reader/file_system/pages_reader.rb:25:in `each'
	/Users/kubicek/.rvm/gems/ruby-2.0.0-p353/gems/locomotivecms_mounter-1.4.1/lib/locomotive/mounter/reader/file_system/pages_reader.rb:25:in `read'
	/Users/kubicek/.rvm/gems/ruby-2.0.0-p353/gems/locomotivecms_mounter-1.4.1/lib/locomotive/mounter/reader/runner.rb:76:in `block (2 levels) in build_mounting_point'
	/Users/kubicek/.rvm/gems/ruby-2.0.0-p353/gems/locomotivecms_mounter-1.4.1/lib/locomotive/mounter/reader/runner.rb:73:in `each'
	/Users/kubicek/.rvm/gems/ruby-2.0.0-p353/gems/locomotivecms_mounter-1.4.1/lib/locomotive/mounter/reader/runner.rb:73:in `block in build_mounting_point'
	/Users/kubicek/.rvm/gems/ruby-2.0.0-p353/gems/locomotivecms_mounter-1.4.1/lib/locomotive/mounter/reader/runner.rb:70:in `tap'
	/Users/kubicek/.rvm/gems/ruby-2.0.0-p353/gems/locomotivecms_mounter-1.4.1/lib/locomotive/mounter/reader/runner.rb:70:in `build_mounting_point'
	/Users/kubicek/.rvm/gems/ruby-2.0.0-p353/gems/locomotivecms_mounter-1.4.1/lib/locomotive/mounter/reader/runner.rb:29:in `run!'
	/Users/kubicek/.rvm/gems/ruby-2.0.0-p353/gems/locomotivecms_wagon-1.4.0/lib/locomotive/wagon.rb:169:in `require_mounter'
	/Users/kubicek/.rvm/gems/ruby-2.0.0-p353/gems/locomotivecms_wagon-1.4.0/lib/locomotive/wagon.rb:67:in `push'
	/Users/kubicek/.rvm/gems/ruby-2.0.0-p353/gems/locomotivecms_wagon-1.4.0/lib/locomotive/wagon/cli.rb:196:in `push'
	/Users/kubicek/.rvm/gems/ruby-2.0.0-p353/gems/thor-0.19.1/lib/thor/command.rb:27:in `run'
	/Users/kubicek/.rvm/gems/ruby-2.0.0-p353/gems/thor-0.19.1/lib/thor/invocation.rb:126:in `invoke_command'
	/Users/kubicek/.rvm/gems/ruby-2.0.0-p353/gems/thor-0.19.1/lib/thor.rb:359:in `dispatch'
	/Users/kubicek/.rvm/gems/ruby-2.0.0-p353/gems/thor-0.19.1/lib/thor/base.rb:440:in `start'
	/Users/kubicek/.rvm/gems/ruby-2.0.0-p353/gems/locomotivecms_wagon-1.4.0/bin/wagon:9:in `<top (required)>'
	/Users/kubicek/.rvm/gems/ruby-2.0.0-p353/bin/wagon:23:in `load'
	/Users/kubicek/.rvm/gems/ruby-2.0.0-p353/bin/wagon:23:in `<main>'
	/Users/kubicek/.rvm/gems/ruby-2.0.0-p353/bin/ruby_executable_hooks:15:in `eval'
	/Users/kubicek/.rvm/gems/ruby-2.0.0-p353/bin/ruby_executable_hooks:15:in `<main>'


undefined method `localize_fullpath' for nil:NilClass
	/Users/kubicek/.rvm/gems/ruby-2.0.0-p353/gems/locomotivecms_mounter-1.4.1/lib/locomotive/mounter/reader/file_system/pages_reader.rb:25:in `block in read'
	/Users/kubicek/.rvm/gems/ruby-2.0.0-p353/gems/locomotivecms_mounter-1.4.1/lib/locomotive/mounter/reader/file_system/pages_reader.rb:25:in `each'
	/Users/kubicek/.rvm/gems/ruby-2.0.0-p353/gems/locomotivecms_mounter-1.4.1/lib/locomotive/mounter/reader/file_system/pages_reader.rb:25:in `read'
	/Users/kubicek/.rvm/gems/ruby-2.0.0-p353/gems/locomotivecms_mounter-1.4.1/lib/locomotive/mounter/reader/runner.rb:76:in `block (2 levels) in build_mounting_point'
	/Users/kubicek/.rvm/gems/ruby-2.0.0-p353/gems/locomotivecms_mounter-1.4.1/lib/locomotive/mounter/reader/runner.rb:73:in `each'
	/Users/kubicek/.rvm/gems/ruby-2.0.0-p353/gems/locomotivecms_mounter-1.4.1/lib/locomotive/mounter/reader/runner.rb:73:in `block in build_mounting_point'
	/Users/kubicek/.rvm/gems/ruby-2.0.0-p353/gems/locomotivecms_mounter-1.4.1/lib/locomotive/mounter/reader/runner.rb:70:in `tap'
	/Users/kubicek/.rvm/gems/ruby-2.0.0-p353/gems/locomotivecms_mounter-1.4.1/lib/locomotive/mounter/reader/runner.rb:70:in `build_mounting_point'
	/Users/kubicek/.rvm/gems/ruby-2.0.0-p353/gems/locomotivecms_mounter-1.4.1/lib/locomotive/mounter/reader/runner.rb:29:in `run!'
	/Users/kubicek/.rvm/gems/ruby-2.0.0-p353/gems/locomotivecms_wagon-1.4.0/lib/locomotive/wagon.rb:169:in `require_mounter'
	/Users/kubicek/.rvm/gems/ruby-2.0.0-p353/gems/locomotivecms_wagon-1.4.0/lib/locomotive/wagon.rb:67:in `push'
	/Users/kubicek/.rvm/gems/ruby-2.0.0-p353/gems/locomotivecms_wagon-1.4.0/lib/locomotive/wagon/cli.rb:196:in `push'
	/Users/kubicek/.rvm/gems/ruby-2.0.0-p353/gems/thor-0.19.1/lib/thor/command.rb:27:in `run'
	/Users/kubicek/.rvm/gems/ruby-2.0.0-p353/gems/thor-0.19.1/lib/thor/invocation.rb:126:in `invoke_command'
	/Users/kubicek/.rvm/gems/ruby-2.0.0-p353/gems/thor-0.19.1/lib/thor.rb:359:in `dispatch'
	/Users/kubicek/.rvm/gems/ruby-2.0.0-p353/gems/thor-0.19.1/lib/thor/base.rb:440:in `start'
	/Users/kubicek/.rvm/gems/ruby-2.0.0-p353/gems/locomotivecms_wagon-1.4.0/bin/wagon:9:in `<top (required)>'
	/Users/kubicek/.rvm/gems/ruby-2.0.0-p353/bin/wagon:23:in `load'
	/Users/kubicek/.rvm/gems/ruby-2.0.0-p353/bin/wagon:23:in `<main>'
	/Users/kubicek/.rvm/gems/ruby-2.0.0-p353/bin/ruby_executable_hooks:15:in `eval'
	/Users/kubicek/.rvm/gems/ruby-2.0.0-p353/bin/ruby_executable_hooks:15:in `<main>'


undefined method `localize_fullpath' for nil:NilClass
	/Users/kubicek/.rvm/gems/ruby-2.0.0-p353/gems/locomotivecms_mounter-1.4.1/lib/locomotive/mounter/reader/file_system/pages_reader.rb:25:in `block in read'
	/Users/kubicek/.rvm/gems/ruby-2.0.0-p353/gems/locomotivecms_mounter-1.4.1/lib/locomotive/mounter/reader/file_system/pages_reader.rb:25:in `each'
	/Users/kubicek/.rvm/gems/ruby-2.0.0-p353/gems/locomotivecms_mounter-1.4.1/lib/locomotive/mounter/reader/file_system/pages_reader.rb:25:in `read'
	/Users/kubicek/.rvm/gems/ruby-2.0.0-p353/gems/locomotivecms_mounter-1.4.1/lib/locomotive/mounter/reader/runner.rb:76:in `block (2 levels) in build_mounting_point'
	/Users/kubicek/.rvm/gems/ruby-2.0.0-p353/gems/locomotivecms_mounter-1.4.1/lib/locomotive/mounter/reader/runner.rb:73:in `each'
	/Users/kubicek/.rvm/gems/ruby-2.0.0-p353/gems/locomotivecms_mounter-1.4.1/lib/locomotive/mounter/reader/runner.rb:73:in `block in build_mounting_point'
	/Users/kubicek/.rvm/gems/ruby-2.0.0-p353/gems/locomotivecms_mounter-1.4.1/lib/locomotive/mounter/reader/runner.rb:70:in `tap'
	/Users/kubicek/.rvm/gems/ruby-2.0.0-p353/gems/locomotivecms_mounter-1.4.1/lib/locomotive/mounter/reader/runner.rb:70:in `build_mounting_point'
	/Users/kubicek/.rvm/gems/ruby-2.0.0-p353/gems/locomotivecms_mounter-1.4.1/lib/locomotive/mounter/reader/runner.rb:29:in `run!'
	/Users/kubicek/.rvm/gems/ruby-2.0.0-p353/gems/locomotivecms_wagon-1.4.0/lib/locomotive/wagon.rb:169:in `require_mounter'
	/Users/kubicek/.rvm/gems/ruby-2.0.0-p353/gems/locomotivecms_wagon-1.4.0/lib/locomotive/wagon.rb:67:in `push'
	/Users/kubicek/.rvm/gems/ruby-2.0.0-p353/gems/locomotivecms_wagon-1.4.0/lib/locomotive/wagon/cli.rb:196:in `push'
	/Users/kubicek/.rvm/gems/ruby-2.0.0-p353/gems/thor-0.19.1/lib/thor/command.rb:27:in `run'
	/Users/kubicek/.rvm/gems/ruby-2.0.0-p353/gems/thor-0.19.1/lib/thor/invocation.rb:126:in `invoke_command'
	/Users/kubicek/.rvm/gems/ruby-2.0.0-p353/gems/thor-0.19.1/lib/thor.rb:359:in `dispatch'
	/Users/kubicek/.rvm/gems/ruby-2.0.0-p353/gems/thor-0.19.1/lib/thor/base.rb:440:in `start'
	/Users/kubicek/.rvm/gems/ruby-2.0.0-p353/gems/locomotivecms_wagon-1.4.0/bin/wagon:9:in `<top (required)>'
	/Users/kubicek/.rvm/gems/ruby-2.0.0-p353/bin/wagon:23:in `load'
	/Users/kubicek/.rvm/gems/ruby-2.0.0-p353/bin/wagon:23:in `<main>'
	/Users/kubicek/.rvm/gems/ruby-2.0.0-p353/bin/ruby_executable_hooks:15:in `eval'
	/Users/kubicek/.rvm/gems/ruby-2.0.0-p353/bin/ruby_executable_hooks:15:in `<main>'


undefined method `localize_fullpath' for nil:NilClass
	/Users/kubicek/.rvm/gems/ruby-2.0.0-p353/gems/locomotivecms_mounter-1.4.1/lib/locomotive/mounter/reader/file_system/pages_reader.rb:25:in `block in read'
	/Users/kubicek/.rvm/gems/ruby-2.0.0-p353/gems/locomotivecms_mounter-1.4.1/lib/locomotive/mounter/reader/file_system/pages_reader.rb:25:in `each'
	/Users/kubicek/.rvm/gems/ruby-2.0.0-p353/gems/locomotivecms_mounter-1.4.1/lib/locomotive/mounter/reader/file_system/pages_reader.rb:25:in `read'
	/Users/kubicek/.rvm/gems/ruby-2.0.0-p353/gems/locomotivecms_mounter-1.4.1/lib/locomotive/mounter/reader/runner.rb:76:in `block (2 levels) in build_mounting_point'
	/Users/kubicek/.rvm/gems/ruby-2.0.0-p353/gems/locomotivecms_mounter-1.4.1/lib/locomotive/mounter/reader/runner.rb:73:in `each'
	/Users/kubicek/.rvm/gems/ruby-2.0.0-p353/gems/locomotivecms_mounter-1.4.1/lib/locomotive/mounter/reader/runner.rb:73:in `block in build_mounting_point'
	/Users/kubicek/.rvm/gems/ruby-2.0.0-p353/gems/locomotivecms_mounter-1.4.1/lib/locomotive/mounter/reader/runner.rb:70:in `tap'
	/Users/kubicek/.rvm/gems/ruby-2.0.0-p353/gems/locomotivecms_mounter-1.4.1/lib/locomotive/mounter/reader/runner.rb:70:in `build_mounting_point'
	/Users/kubicek/.rvm/gems/ruby-2.0.0-p353/gems/locomotivecms_mounter-1.4.1/lib/locomotive/mounter/reader/runner.rb:29:in `run!'
	/Users/kubicek/.rvm/gems/ruby-2.0.0-p353/gems/locomotivecms_wagon-1.4.0/lib/locomotive/wagon.rb:169:in `require_mounter'
	/Users/kubicek/.rvm/gems/ruby-2.0.0-p353/gems/locomotivecms_wagon-1.4.0/lib/locomotive/wagon.rb:67:in `push'
	/Users/kubicek/.rvm/gems/ruby-2.0.0-p353/gems/locomotivecms_wagon-1.4.0/lib/locomotive/wagon/cli.rb:196:in `push'
	/Users/kubicek/.rvm/gems/ruby-2.0.0-p353/gems/thor-0.19.1/lib/thor/command.rb:27:in `run'
	/Users/kubicek/.rvm/gems/ruby-2.0.0-p353/gems/thor-0.19.1/lib/thor/invocation.rb:126:in `invoke_command'
	/Users/kubicek/.rvm/gems/ruby-2.0.0-p353/gems/thor-0.19.1/lib/thor.rb:359:in `dispatch'
	/Users/kubicek/.rvm/gems/ruby-2.0.0-p353/gems/thor-0.19.1/lib/thor/base.rb:440:in `start'
	/Users/kubicek/.rvm/gems/ruby-2.0.0-p353/gems/locomotivecms_wagon-1.4.0/bin/wagon:9:in `<top (required)>'
	/Users/kubicek/.rvm/gems/ruby-2.0.0-p353/bin/wagon:23:in `load'
	/Users/kubicek/.rvm/gems/ruby-2.0.0-p353/bin/wagon:23:in `<main>'
	/Users/kubicek/.rvm/gems/ruby-2.0.0-p353/bin/ruby_executable_hooks:15:in `eval'
	/Users/kubicek/.rvm/gems/ruby-2.0.0-p353/bin/ruby_executable_hooks:15:in `<main>'


undefined method `localize_fullpath' for nil:NilClass
	/Users/kubicek/.rvm/gems/ruby-2.0.0-p353/gems/locomotivecms_mounter-1.4.1/lib/locomotive/mounter/reader/file_system/pages_reader.rb:25:in `block in read'
	/Users/kubicek/.rvm/gems/ruby-2.0.0-p353/gems/locomotivecms_mounter-1.4.1/lib/locomotive/mounter/reader/file_system/pages_reader.rb:25:in `each'
	/Users/kubicek/.rvm/gems/ruby-2.0.0-p353/gems/locomotivecms_mounter-1.4.1/lib/locomotive/mounter/reader/file_system/pages_reader.rb:25:in `read'
	/Users/kubicek/.rvm/gems/ruby-2.0.0-p353/gems/locomotivecms_mounter-1.4.1/lib/locomotive/mounter/reader/runner.rb:76:in `block (2 levels) in build_mounting_point'
	/Users/kubicek/.rvm/gems/ruby-2.0.0-p353/gems/locomotivecms_mounter-1.4.1/lib/locomotive/mounter/reader/runner.rb:73:in `each'
	/Users/kubicek/.rvm/gems/ruby-2.0.0-p353/gems/locomotivecms_mounter-1.4.1/lib/locomotive/mounter/reader/runner.rb:73:in `block in build_mounting_point'
	/Users/kubicek/.rvm/gems/ruby-2.0.0-p353/gems/locomotivecms_mounter-1.4.1/lib/locomotive/mounter/reader/runner.rb:70:in `tap'
	/Users/kubicek/.rvm/gems/ruby-2.0.0-p353/gems/locomotivecms_mounter-1.4.1/lib/locomotive/mounter/reader/runner.rb:70:in `build_mounting_point'
	/Users/kubicek/.rvm/gems/ruby-2.0.0-p353/gems/locomotivecms_mounter-1.4.1/lib/locomotive/mounter/reader/runner.rb:29:in `run!'
	/Users/kubicek/.rvm/gems/ruby-2.0.0-p353/gems/locomotivecms_wagon-1.4.0/lib/locomotive/wagon.rb:169:in `require_mounter'
	/Users/kubicek/.rvm/gems/ruby-2.0.0-p353/gems/locomotivecms_wagon-1.4.0/lib/locomotive/wagon.rb:67:in `push'
	/Users/kubicek/.rvm/gems/ruby-2.0.0-p353/gems/locomotivecms_wagon-1.4.0/lib/locomotive/wagon/cli.rb:196:in `push'
	/Users/kubicek/.rvm/gems/ruby-2.0.0-p353/gems/thor-0.19.1/lib/thor/command.rb:27:in `run'
	/Users/kubicek/.rvm/gems/ruby-2.0.0-p353/gems/thor-0.19.1/lib/thor/invocation.rb:126:in `invoke_command'
	/Users/kubicek/.rvm/gems/ruby-2.0.0-p353/gems/thor-0.19.1/lib/thor.rb:359:in `dispatch'
	/Users/kubicek/.rvm/gems/ruby-2.0.0-p353/gems/thor-0.19.1/lib/thor/base.rb:440:in `start'
	/Users/kubicek/.rvm/gems/ruby-2.0.0-p353/gems/locomotivecms_wagon-1.4.0/bin/wagon:9:in `<top (required)>'
	/Users/kubicek/.rvm/gems/ruby-2.0.0-p353/bin/wagon:23:in `load'
	/Users/kubicek/.rvm/gems/ruby-2.0.0-p353/bin/wagon:23:in `<main>'
	/Users/kubicek/.rvm/gems/ruby-2.0.0-p353/bin/ruby_executable_hooks:15:in `eval'
	/Users/kubicek/.rvm/gems/ruby-2.0.0-p353/bin/ruby_executable_hooks:15:in `<main>'


undefined method `localize_fullpath' for nil:NilClass
	/Users/kubicek/.rvm/gems/ruby-2.0.0-p353/gems/locomotivecms_mounter-1.4.1/lib/locomotive/mounter/reader/file_system/pages_reader.rb:25:in `block in read'
	/Users/kubicek/.rvm/gems/ruby-2.0.0-p353/gems/locomotivecms_mounter-1.4.1/lib/locomotive/mounter/reader/file_system/pages_reader.rb:25:in `each'
	/Users/kubicek/.rvm/gems/ruby-2.0.0-p353/gems/locomotivecms_mounter-1.4.1/lib/locomotive/mounter/reader/file_system/pages_reader.rb:25:in `read'
	/Users/kubicek/.rvm/gems/ruby-2.0.0-p353/gems/locomotivecms_mounter-1.4.1/lib/locomotive/mounter/reader/runner.rb:76:in `block (2 levels) in build_mounting_point'
	/Users/kubicek/.rvm/gems/ruby-2.0.0-p353/gems/locomotivecms_mounter-1.4.1/lib/locomotive/mounter/reader/runner.rb:73:in `each'
	/Users/kubicek/.rvm/gems/ruby-2.0.0-p353/gems/locomotivecms_mounter-1.4.1/lib/locomotive/mounter/reader/runner.rb:73:in `block in build_mounting_point'
	/Users/kubicek/.rvm/gems/ruby-2.0.0-p353/gems/locomotivecms_mounter-1.4.1/lib/locomotive/mounter/reader/runner.rb:70:in `tap'
	/Users/kubicek/.rvm/gems/ruby-2.0.0-p353/gems/locomotivecms_mounter-1.4.1/lib/locomotive/mounter/reader/runner.rb:70:in `build_mounting_point'
	/Users/kubicek/.rvm/gems/ruby-2.0.0-p353/gems/locomotivecms_mounter-1.4.1/lib/locomotive/mounter/reader/runner.rb:29:in `run!'
	/Users/kubicek/.rvm/gems/ruby-2.0.0-p353/gems/locomotivecms_wagon-1.4.0/lib/locomotive/wagon.rb:169:in `require_mounter'
	/Users/kubicek/.rvm/gems/ruby-2.0.0-p353/gems/locomotivecms_wagon-1.4.0/lib/locomotive/wagon.rb:67:in `push'
	/Users/kubicek/.rvm/gems/ruby-2.0.0-p353/gems/locomotivecms_wagon-1.4.0/lib/locomotive/wagon/cli.rb:196:in `push'
	/Users/kubicek/.rvm/gems/ruby-2.0.0-p353/gems/thor-0.19.1/lib/thor/command.rb:27:in `run'
	/Users/kubicek/.rvm/gems/ruby-2.0.0-p353/gems/thor-0.19.1/lib/thor/invocation.rb:126:in `invoke_command'
	/Users/kubicek/.rvm/gems/ruby-2.0.0-p353/gems/thor-0.19.1/lib/thor.rb:359:in `dispatch'
	/Users/kubicek/.rvm/gems/ruby-2.0.0-p353/gems/thor-0.19.1/lib/thor/base.rb:440:in `start'
	/Users/kubicek/.rvm/gems/ruby-2.0.0-p353/gems/locomotivecms_wagon-1.4.0/bin/wagon:9:in `<top (required)>'
	/Users/kubicek/.rvm/gems/ruby-2.0.0-p353/bin/wagon:23:in `load'
	/Users/kubicek/.rvm/gems/ruby-2.0.0-p353/bin/wagon:23:in `<main>'
	/Users/kubicek/.rvm/gems/ruby-2.0.0-p353/bin/ruby_executable_hooks:15:in `eval'
	/Users/kubicek/.rvm/gems/ruby-2.0.0-p353/bin/ruby_executable_hooks:15:in `<main>'


undefined method `localize_fullpath' for nil:NilClass
	/Users/kubicek/.rvm/gems/ruby-2.0.0-p353/gems/locomotivecms_mounter-1.4.1/lib/locomotive/mounter/reader/file_system/pages_reader.rb:25:in `block in read'
	/Users/kubicek/.rvm/gems/ruby-2.0.0-p353/gems/locomotivecms_mounter-1.4.1/lib/locomotive/mounter/reader/file_system/pages_reader.rb:25:in `each'
	/Users/kubicek/.rvm/gems/ruby-2.0.0-p353/gems/locomotivecms_mounter-1.4.1/lib/locomotive/mounter/reader/file_system/pages_reader.rb:25:in `read'
	/Users/kubicek/.rvm/gems/ruby-2.0.0-p353/gems/locomotivecms_mounter-1.4.1/lib/locomotive/mounter/reader/runner.rb:76:in `block (2 levels) in build_mounting_point'
	/Users/kubicek/.rvm/gems/ruby-2.0.0-p353/gems/locomotivecms_mounter-1.4.1/lib/locomotive/mounter/reader/runner.rb:73:in `each'
	/Users/kubicek/.rvm/gems/ruby-2.0.0-p353/gems/locomotivecms_mounter-1.4.1/lib/locomotive/mounter/reader/runner.rb:73:in `block in build_mounting_point'
	/Users/kubicek/.rvm/gems/ruby-2.0.0-p353/gems/locomotivecms_mounter-1.4.1/lib/locomotive/mounter/reader/runner.rb:70:in `tap'
	/Users/kubicek/.rvm/gems/ruby-2.0.0-p353/gems/locomotivecms_mounter-1.4.1/lib/locomotive/mounter/reader/runner.rb:70:in `build_mounting_point'
	/Users/kubicek/.rvm/gems/ruby-2.0.0-p353/gems/locomotivecms_mounter-1.4.1/lib/locomotive/mounter/reader/runner.rb:29:in `run!'
	/Users/kubicek/.rvm/gems/ruby-2.0.0-p353/gems/locomotivecms_wagon-1.4.0/lib/locomotive/wagon.rb:169:in `require_mounter'
	/Users/kubicek/.rvm/gems/ruby-2.0.0-p353/gems/locomotivecms_wagon-1.4.0/lib/locomotive/wagon.rb:67:in `push'
	/Users/kubicek/.rvm/gems/ruby-2.0.0-p353/gems/locomotivecms_wagon-1.4.0/lib/locomotive/wagon/cli.rb:196:in `push'
	/Users/kubicek/.rvm/gems/ruby-2.0.0-p353/gems/thor-0.19.1/lib/thor/command.rb:27:in `run'
	/Users/kubicek/.rvm/gems/ruby-2.0.0-p353/gems/thor-0.19.1/lib/thor/invocation.rb:126:in `invoke_command'
	/Users/kubicek/.rvm/gems/ruby-2.0.0-p353/gems/thor-0.19.1/lib/thor.rb:359:in `dispatch'
	/Users/kubicek/.rvm/gems/ruby-2.0.0-p353/gems/thor-0.19.1/lib/thor/base.rb:440:in `start'
	/Users/kubicek/.rvm/gems/ruby-2.0.0-p353/gems/locomotivecms_wagon-1.4.0/bin/wagon:9:in `<top (required)>'
	/Users/kubicek/.rvm/gems/ruby-2.0.0-p353/bin/wagon:23:in `load'
	/Users/kubicek/.rvm/gems/ruby-2.0.0-p353/bin/wagon:23:in `<main>'
	/Users/kubicek/.rvm/gems/ruby-2.0.0-p353/bin/ruby_executable_hooks:15:in `eval'
	/Users/kubicek/.rvm/gems/ruby-2.0.0-p353/bin/ruby_executable_hooks:15:in `<main>'


No site found
